<?xml version="1.0" encoding="UTF-8"?>
<testsuite xmlns:xsi="http://www.w3.org/2001/XMLSchema-instance" xsi:noNamespaceSchemaLocation="https://maven.apache.org/surefire/maven-surefire-plugin/xsd/surefire-test-report-3.0.xsd" version="3.0" name="snake.GridTest" time="0.026" tests="9" errors="0" skipped="0" failures="0">
  <properties>
[...]
</properties>
  <testcase name="testToString" classname="snake.GridTest" time="0.014"/>
  <testcase name="dropBlock" classname="snake.GridTest" time="0.001"/>
  <testcase name="dropFood" classname="snake.GridTest" time="0.001"/>
  <testcase name="placeObject" classname="snake.GridTest" time="0.001"/>
  <testcase name="getCell" classname="snake.GridTest" time="0.001"/>
  <testcase name="getGrid" classname="snake.GridTest" time="0.001"/>
  <testcase name="pointInsideGrid" classname="snake.GridTest" time="0"/>
  <testcase name="getNCols" classname="snake.GridTest" time="0.001"/>
  <testcase name="getNRows" classname="snake.GridTest" time="0.001"/>
</testsuite>