<?xml version="1.0" encoding="UTF-8"?>
<testsuite xmlns:xsi="http://www.w3.org/2001/XMLSchema-instance" xsi:noNamespaceSchemaLocation="https://maven.apache.org/surefire/maven-surefire-plugin/xsd/surefire-test-report-3.0.xsd" version="3.0" name="snake.SnakeTest" time="0.053" tests="11" errors="0" skipped="0" failures="0">
  <properties>
[...]
</properties>
  <testcase name="killSnake" classname="snake.SnakeTest" time="0.018"/>
  <testcase name="turnLeft2" classname="snake.SnakeTest" time="0.001"/>
  <testcase name="turnLeft3" classname="snake.SnakeTest" time="0"/>
  <testcase name="turnLeft4" classname="snake.SnakeTest" time="0"/>
  <testcase name="turnRight" classname="snake.SnakeTest" time="0"/>
  <testcase name="turnRight2" classname="snake.SnakeTest" time="0.001"/>
  <testcase name="turnRight3" classname="snake.SnakeTest" time="0"/>
  <testcase name="turnRight4" classname="snake.SnakeTest" time="0.001"/>
  <testcase name="turnLeft" classname="snake.SnakeTest" time="0.001"/>
  <testcase name="getNextPosition" classname="snake.SnakeTest" time="0.001"/>
  <testcase name="isAlive" classname="snake.SnakeTest" time="0.001"/>
</testsuite>